<?xml version="1.0" encoding="UTF-8"?>
<testsuite name="com.nuvu.personas.PersonasApplicationTests" tests="1" skipped="0" failures="0" errors="0" timestamp="2021-06-01T04:08:19" hostname="MARIAP-RINCON" time="0.019">
  <properties/>
  <testcase name="contextLoads()" classname="com.nuvu.personas.PersonasApplicationTests" time="0.019"/>
  <system-out><![CDATA[23:08:08.429 [Test worker] DEBUG org.springframework.test.context.BootstrapUtils - Instantiating CacheAwareContextLoaderDelegate from class [org.springframework.test.context.cache.DefaultCacheAwareContextLoaderDelegate]
23:08:08.455 [Test worker] DEBUG org.springframework.test.context.BootstrapUtils - Instantiating BootstrapContext using constructor [public org.springframework.test.context.support.DefaultBootstrapContext(java.lang.Class,org.springframework.test.context.CacheAwareContextLoaderDelegate)]
23:08:08.505 [Test worker] DEBUG org.springframework.test.context.BootstrapUtils - Instantiating TestContextBootstrapper for test class [com.nuvu.personas.PersonasApplicationTests] from class [org.springframework.boot.test.context.SpringBootTestContextBootstrapper]
23:08:08.533 [Test worker] INFO org.springframework.boot.test.context.SpringBootTestContextBootstrapper - Neither @ContextConfiguration nor @ContextHierarchy found for test class [com.nuvu.personas.PersonasApplicationTests], using SpringBootContextLoader
23:08:08.540 [Test worker] DEBUG org.springframework.test.context.support.AbstractContextLoader - Did not detect default resource location for test class [com.nuvu.personas.PersonasApplicationTests]: class path resource [com/nuvu/personas/PersonasApplicationTests-context.xml] does not exist
23:08:08.541 [Test worker] DEBUG org.springframework.test.context.support.AbstractContextLoader - Did not detect default resource location for test class [com.nuvu.personas.PersonasApplicationTests]: class path resource [com/nuvu/personas/PersonasApplicationTestsContext.groovy] does not exist
23:08:08.541 [Test worker] INFO org.springframework.test.context.support.AbstractContextLoader - Could not detect default resource locations for test class [com.nuvu.personas.PersonasApplicationTests]: no resource found for suffixes {-context.xml, Context.groovy}.
23:08:08.542 [Test worker] INFO org.springframework.test.context.support.AnnotationConfigContextLoaderUtils - Could not detect default configuration classes for test class [com.nuvu.personas.PersonasApplicationTests]: PersonasApplicationTests does not declare any static, non-private, non-final, nested classes annotated with @Configuration.
23:08:08.595 [Test worker] DEBUG org.springframework.test.context.support.ActiveProfilesUtils - Could not find an 'annotation declaring class' for annotation type [org.springframework.test.context.ActiveProfiles] and class [com.nuvu.personas.PersonasApplicationTests]
23:08:08.715 [Test worker] DEBUG org.springframework.context.annotation.ClassPathScanningCandidateComponentProvider - Identified candidate component class: file [D:\nuvu\personas\build\classes\java\main\com\nuvu\personas\PersonasApplication.class]
23:08:08.717 [Test worker] INFO org.springframework.boot.test.context.SpringBootTestContextBootstrapper - Found @SpringBootConfiguration com.nuvu.personas.PersonasApplication for test class com.nuvu.personas.PersonasApplicationTests
23:08:08.886 [Test worker] DEBUG org.springframework.boot.test.context.SpringBootTestContextBootstrapper - @TestExecutionListeners is not present for class [com.nuvu.personas.PersonasApplicationTests]: using defaults.
23:08:08.888 [Test worker] INFO org.springframework.boot.test.context.SpringBootTestContextBootstrapper - Loaded default TestExecutionListener class names from location [META-INF/spring.factories]: [org.springframework.boot.test.autoconfigure.restdocs.RestDocsTestExecutionListener, org.springframework.boot.test.autoconfigure.web.client.MockRestServiceServerResetTestExecutionListener, org.springframework.boot.test.autoconfigure.web.servlet.MockMvcPrintOnlyOnFailureTestExecutionListener, org.springframework.boot.test.autoconfigure.web.servlet.WebDriverTestExecutionListener, org.springframework.boot.test.autoconfigure.webservices.client.MockWebServiceServerTestExecutionListener, org.springframework.boot.test.mock.mockito.MockitoTestExecutionListener, org.springframework.boot.test.mock.mockito.ResetMocksTestExecutionListener, org.springframework.test.context.web.ServletTestExecutionListener, org.springframework.test.context.support.DirtiesContextBeforeModesTestExecutionListener, org.springframework.test.context.support.DependencyInjectionTestExecutionListener, org.springframework.test.context.support.DirtiesContextTestExecutionListener, org.springframework.test.context.transaction.TransactionalTestExecutionListener, org.springframework.test.context.jdbc.SqlScriptsTestExecutionListener, org.springframework.test.context.event.EventPublishingTestExecutionListener]
23:08:08.913 [Test worker] INFO org.springframework.boot.test.context.SpringBootTestContextBootstrapper - Using TestExecutionListeners: [org.springframework.test.context.web.ServletTestExecutionListener@6174c71a, org.springframework.test.context.support.DirtiesContextBeforeModesTestExecutionListener@1d8fd0e, org.springframework.boot.test.mock.mockito.MockitoTestExecutionListener@3621a7f0, org.springframework.boot.test.autoconfigure.SpringBootDependencyInjectionTestExecutionListener@3dd49c10, org.springframework.test.context.support.DirtiesContextTestExecutionListener@7a5fd0a7, org.springframework.test.context.transaction.TransactionalTestExecutionListener@3c29626f, org.springframework.test.context.jdbc.SqlScriptsTestExecutionListener@78c5c3d, org.springframework.test.context.event.EventPublishingTestExecutionListener@1ea164c0, org.springframework.boot.test.autoconfigure.restdocs.RestDocsTestExecutionListener@1aff455b, org.springframework.boot.test.autoconfigure.web.client.MockRestServiceServerResetTestExecutionListener@6db26671, org.springframework.boot.test.autoconfigure.web.servlet.MockMvcPrintOnlyOnFailureTestExecutionListener@83ab24e, org.springframework.boot.test.autoconfigure.web.servlet.WebDriverTestExecutionListener@1d2840ed, org.springframework.boot.test.autoconfigure.webservices.client.MockWebServiceServerTestExecutionListener@7d1d0b8e, org.springframework.boot.test.mock.mockito.ResetMocksTestExecutionListener@3627bb2]
23:08:08.919 [Test worker] DEBUG org.springframework.test.context.support.AbstractDirtiesContextTestExecutionListener - Before test class: context [DefaultTestContext@61567361 testClass = PersonasApplicationTests, testInstance = [null], testMethod = [null], testException = [null], mergedContextConfiguration = [WebMergedContextConfiguration@528f66ad testClass = PersonasApplicationTests, locations = '{}', classes = '{class com.nuvu.personas.PersonasApplication}', contextInitializerClasses = '[]', activeProfiles = '{}', propertySourceLocations = '{}', propertySourceProperties = '{org.springframework.boot.test.context.SpringBootTestContextBootstrapper=true}', contextCustomizers = set[org.springframework.boot.test.autoconfigure.properties.PropertyMappingContextCustomizer@0, org.springframework.boot.test.autoconfigure.web.servlet.WebDriverContextCustomizerFactory$Customizer@610e930c, org.springframework.boot.test.context.filter.ExcludeFilterContextCustomizer@62b9702c, org.springframework.boot.test.json.DuplicateJsonObjectContextCustomizerFactory$DuplicateJsonObjectContextCustomizer@3808c02d, org.springframework.boot.test.mock.mockito.MockitoContextCustomizer@0, org.springframework.boot.test.web.client.TestRestTemplateContextCustomizer@28f00b8e, org.springframework.boot.test.context.SpringBootTestArgs@1, org.springframework.boot.test.context.SpringBootTestWebEnvironment@6387f1d7], resourceBasePath = 'src/main/webapp', contextLoader = 'org.springframework.boot.test.context.SpringBootContextLoader', parent = [null]], attributes = map['org.springframework.test.context.web.ServletTestExecutionListener.activateListener' -> true]], class annotated with @DirtiesContext [false] with mode [null].
23:08:08.953 [Test worker] DEBUG org.springframework.test.context.support.TestPropertySourceUtils - Adding inlined properties to environment: {spring.jmx.enabled=false, org.springframework.boot.test.context.SpringBootTestContextBootstrapper=true}

  .   ____          _            __ _ _
 /\\ / ___'_ __ _ _(_)_ __  __ _ \ \ \ \
( ( )\___ | '_ | '_| | '_ \/ _` | \ \ \ \
 \\/  ___)| |_)| | | | | || (_| |  ) ) ) )
  '  |____| .__|_| |_|_| |_\__, | / / / /
 =========|_|==============|___/=/_/_/_/
 :: Spring Boot ::       (v2.3.10.RELEASE)

2021-05-31 23:08:09.261  INFO 22724 --- [    Test worker] c.n.personas.PersonasApplicationTests    : Starting PersonasApplicationTests on MARIAP-RINCON with PID 22724 (started by maria.rincon in D:\nuvu\personas)
2021-05-31 23:08:09.264  INFO 22724 --- [    Test worker] c.n.personas.PersonasApplicationTests    : No active profile set, falling back to default profiles: default
2021-05-31 23:08:10.453  INFO 22724 --- [    Test worker] .s.d.r.c.RepositoryConfigurationDelegate : Bootstrapping Spring Data JPA repositories in DEFAULT mode.
2021-05-31 23:08:10.568  INFO 22724 --- [    Test worker] .s.d.r.c.RepositoryConfigurationDelegate : Finished Spring Data repository scanning in 99ms. Found 2 JPA repository interfaces.
2021-05-31 23:08:11.536  INFO 22724 --- [    Test worker] o.hibernate.jpa.internal.util.LogHelper  : HHH000204: Processing PersistenceUnitInfo [name: default]
2021-05-31 23:08:11.652  INFO 22724 --- [    Test worker] org.hibernate.Version                    : HHH000412: Hibernate ORM core version 5.4.30.Final
2021-05-31 23:08:11.741  INFO 22724 --- [    Test worker] o.hibernate.annotations.common.Version   : HCANN000001: Hibernate Commons Annotations {5.1.2.Final}
2021-05-31 23:08:11.969  INFO 22724 --- [    Test worker] com.zaxxer.hikari.HikariDataSource       : HikariPool-1 - Starting...
2021-05-31 23:08:13.892  INFO 22724 --- [    Test worker] com.zaxxer.hikari.HikariDataSource       : HikariPool-1 - Start completed.
2021-05-31 23:08:13.919  INFO 22724 --- [    Test worker] org.hibernate.dialect.Dialect            : HHH000400: Using dialect: org.hibernate.dialect.MySQL5Dialect
Hibernate: drop table if exists hibernate_sequence
Hibernate: drop table if exists persona
Hibernate: drop table if exists usuario
Hibernate: create table hibernate_sequence (next_val bigint) engine=MyISAM
Hibernate: insert into hibernate_sequence values ( 1 )
Hibernate: create table persona (identificacion bigint not null, tarjeta_credito varchar(255), primary key (identificacion)) engine=MyISAM
Hibernate: create table usuario (id integer not null, contrasena varchar(255) not null, usuario varchar(255) not null, primary key (id)) engine=MyISAM
2021-05-31 23:08:16.905  INFO 22724 --- [    Test worker] o.h.e.t.j.p.i.JtaPlatformInitiator       : HHH000490: Using JtaPlatform implementation: [org.hibernate.engine.transaction.jta.platform.internal.NoJtaPlatform]
2021-05-31 23:08:16.915  INFO 22724 --- [    Test worker] j.LocalContainerEntityManagerFactoryBean : Initialized JPA EntityManagerFactory for persistence unit 'default'
2021-05-31 23:08:18.242  WARN 22724 --- [    Test worker] JpaBaseConfiguration$JpaWebConfiguration : spring.jpa.open-in-view is enabled by default. Therefore, database queries may be performed during view rendering. Explicitly configure spring.jpa.open-in-view to disable this warning
2021-05-31 23:08:18.323  INFO 22724 --- [    Test worker] .s.s.UserDetailsServiceAutoConfiguration : 

Using generated security password: d7f6fa8e-1fc3-4620-a529-ead3a93788b4

2021-05-31 23:08:18.525  INFO 22724 --- [    Test worker] o.s.s.web.DefaultSecurityFilterChain     : Creating filter chain: any request, [org.springframework.security.web.context.request.async.WebAsyncManagerIntegrationFilter@4c3cb579, org.springframework.security.web.context.SecurityContextPersistenceFilter@350a65df, org.springframework.security.web.header.HeaderWriterFilter@42ad2879, org.springframework.security.web.authentication.logout.LogoutFilter@4e981431, com.nuvu.personas.JWTAuthorizationFilter@3d60e5b6, org.springframework.security.web.savedrequest.RequestCacheAwareFilter@2ad47499, org.springframework.security.web.servletapi.SecurityContextHolderAwareRequestFilter@429de9e1, org.springframework.security.web.authentication.AnonymousAuthenticationFilter@c26255c, org.springframework.security.web.session.SessionManagementFilter@26fe7532, org.springframework.security.web.access.ExceptionTranslationFilter@5990bed6, org.springframework.security.web.access.intercept.FilterSecurityInterceptor@356c9c94]
2021-05-31 23:08:18.926  INFO 22724 --- [    Test worker] o.s.s.concurrent.ThreadPoolTaskExecutor  : Initializing ExecutorService 'applicationTaskExecutor'
2021-05-31 23:08:19.499  INFO 22724 --- [    Test worker] c.n.personas.PersonasApplicationTests    : Started PersonasApplicationTests in 10.531 seconds (JVM running for 13.699)
]]></system-out>
  <system-err><![CDATA[]]></system-err>
</testsuite>
